<?xml version="1.0" encoding="UTF-8"?>
<!-- Generated by org.testng.reporters.JUnitXMLReporter -->
<testsuite ignored="4" hostname="DESKTOP-KMRCV44" failures="2" tests="4" name="Test Phan Nhom Smoke" time="0.081" errors="0" timestamp="2026-03-10T15:29:15 ICT">
  <testcase classname="dtm.LoginTest" name="testLoginSuccess" time="0.016">
    <failure type="java.lang.NullPointerException" message="Cannot invoke &amp;quot;org.openqa.selenium.support.ui.WebDriverWait.until(java.util.function.Function)&amp;quot; because &amp;quot;this.wait&amp;quot; is null">
      <![CDATA[java.lang.NullPointerException: Cannot invoke "org.openqa.selenium.support.ui.WebDriverWait.until(java.util.function.Function)" because "this.wait" is null
at dtm.LoginTest.testLoginSuccess(LoginTest.java:39)
at java.base/java.util.ArrayList.forEach(ArrayList.java:1511)
... Removed 27 stack frames]]>
    </failure>
  </testcase> <!-- testLoginSuccess -->
  <testcase classname="dtm.LoginTest" name="testLoginWrongPassword" time="0.003">
    <failure type="java.lang.NullPointerException" message="Cannot invoke &amp;quot;org.openqa.selenium.support.ui.WebDriverWait.until(java.util.function.Function)&amp;quot; because &amp;quot;this.wait&amp;quot; is null">
      <![CDATA[java.lang.NullPointerException: Cannot invoke "org.openqa.selenium.support.ui.WebDriverWait.until(java.util.function.Function)" because "this.wait" is null
at dtm.LoginTest.testLoginWrongPassword(LoginTest.java:58)
at java.base/java.util.ArrayList.forEach(ArrayList.java:1511)
... Removed 27 stack frames]]>
    </failure>
  </testcase> <!-- testLoginWrongPassword -->
  <testcase classname="dtm.CheckoutTest" name="testCheckoutEmptyCart" time="0.001"/>
  <testcase classname="dtm.CheckoutTest" name="testCheckoutSuccess" time="0.001"/>
  <testcase classname="dtm.LoginTest" name="testLoginLockedUser" time="0.0">
    <ignored/>
  </testcase> <!-- testLoginLockedUser -->
  <testcase classname="dtm.LoginTest" name="testLoginEmptyPassword" time="0.0">
    <ignored/>
  </testcase> <!-- testLoginEmptyPassword -->
  <testcase classname="dtm.CartTest" name="testAddProductToCart" time="0.0">
    <ignored/>
  </testcase> <!-- testAddProductToCart -->
  <testcase classname="dtm.LoginTest" name="testLoginEmptyUsername" time="0.0">
    <ignored/>
  </testcase> <!-- testLoginEmptyUsername -->
</testsuite> <!-- Test Phan Nhom Smoke -->
