<?xml version="1.0" encoding="UTF-8"?>
<!-- Generated by org.testng.reporters.JUnitXMLReporter -->
<testsuite ignored="0" hostname="DESKTOP-KMRCV44" failures="0" tests="6" name="Test Chay Song Song" time="36.328" errors="0" timestamp="2026-03-10T14:27:28 ICT">
  <testcase classname="dtm.CartTest" name="testAddProductToCart" time="0.01"/>
  <testcase classname="dtm.LoginTest" name="testLoginEmptyPassword" time="0.554"/>
  <testcase classname="dtm.LoginTest" name="testLoginEmptyUsername" time="0.329"/>
  <testcase classname="dtm.LoginTest" name="testLoginLockedUser" time="0.302"/>
  <testcase classname="dtm.LoginTest" name="testLoginSuccess" time="0.38"/>
  <testcase classname="dtm.LoginTest" name="testLoginWrongPassword" time="0.359"/>
</testsuite> <!-- Test Chay Song Song -->
