<?xml version="1.0" encoding="UTF-8"?>
<!-- Generated by org.testng.reporters.JUnitXMLReporter -->
<testsuite ignored="0" hostname="DESKTOP-KMRCV44" failures="0" tests="5" name="Default test" time="21.58" errors="0" timestamp="2026-03-31T14:58:18 ICT">
  <testcase classname="dtm.LoginTest" name="testLoginEmptyPassword" time="1.269"/>
  <testcase classname="dtm.LoginTest" name="testLoginEmptyUsername" time="1.343"/>
  <testcase classname="dtm.LoginTest" name="testLoginLockedUser" time="1.429"/>
  <testcase classname="dtm.LoginTest" name="testLoginSuccess" time="1.206"/>
  <testcase classname="dtm.LoginTest" name="testLoginWrongPassword" time="0.828"/>
</testsuite> <!-- Default test -->
