<?xml version="1.0" encoding="UTF-8"?>
<!-- Generated by org.testng.reporters.JUnitXMLReporter -->
<testsuite ignored="0" hostname="DESKTOP-KMRCV44" failures="0" tests="5" name="Default test" time="19.183" errors="0" timestamp="2026-03-31T15:10:53 ICT">
  <testcase classname="dtm.LoginTest" name="testLoginEmptyPassword" time="0.689"/>
  <testcase classname="dtm.LoginTest" name="testLoginEmptyUsername" time="0.619"/>
  <testcase classname="dtm.LoginTest" name="testLoginLockedUser" time="0.603"/>
  <testcase classname="dtm.LoginTest" name="testLoginSuccess" time="1.288"/>
  <testcase classname="dtm.LoginTest" name="testLoginWrongPassword" time="1.141"/>
</testsuite> <!-- Default test -->
