<?xml version="1.0" encoding="UTF-8"?>
<testng-results ignored="0" total="1" passed="1" failed="0" skipped="0">
  <reporter-output>
  </reporter-output>
  <suite started-at="2026-03-31T13:54:32 ICT" name="Default suite" finished-at="2026-03-31T13:54:42 ICT" duration-ms="10570">
    <groups>
    </groups>
    <test started-at="2026-03-31T13:54:32 ICT" name="Default test" finished-at="2026-03-31T13:54:42 ICT" duration-ms="10570">
      <class name="dtm.CartTest">
        <test-method is-config="true" signature="setUp()[pri:0, instance:dtm.CartTest@65fb9ffc]" started-at="2026-03-31T13:54:32 ICT" name="setUp" finished-at="2026-03-31T13:54:37 ICT" duration-ms="5132" status="PASS">
          <reporter-output>
          </reporter-output>
        </test-method> <!-- setUp -->
        <test-method signature="testAddProductToCart()[pri:0, instance:dtm.CartTest@65fb9ffc]" started-at="2026-03-31T13:54:37 ICT" name="testAddProductToCart" finished-at="2026-03-31T13:54:37 ICT" duration-ms="46" status="PASS">
          <reporter-output>
          </reporter-output>
        </test-method> <!-- testAddProductToCart -->
        <test-method is-config="true" signature="tearDown()[pri:0, instance:dtm.CartTest@65fb9ffc]" started-at="2026-03-31T13:54:37 ICT" name="tearDown" finished-at="2026-03-31T13:54:42 ICT" duration-ms="5295" status="PASS">
          <reporter-output>
          </reporter-output>
        </test-method> <!-- tearDown -->
      </class> <!-- dtm.CartTest -->
    </test> <!-- Default test -->
  </suite> <!-- Default suite -->
</testng-results>
