<?xml version="1.0" encoding="UTF-8"?>
<!-- Generated by org.testng.reporters.JUnitReportReporter -->
<testsuite hostname="DESKTOP-KMRCV44" failures="0" tests="5" name="dtm.LoginTest" time="21.463" errors="0" timestamp="2026-03-31T14:58:19 ICT" skipped="0">
  <testcase classname="dtm.LoginTest" name="testLoginEmptyPassword" time="4.077"/>
  <testcase classname="dtm.LoginTest" name="testLoginLockedUser" time="3.977"/>
  <testcase classname="dtm.LoginTest" name="testLoginWrongPassword" time="3.998"/>
  <testcase classname="dtm.LoginTest" name="testLoginEmptyUsername" time="3.996"/>
  <testcase classname="dtm.LoginTest" name="testLoginSuccess" time="5.415"/>
</testsuite> <!-- dtm.LoginTest -->
