<?xml version="1.0" encoding="UTF-8"?>
<!-- Generated by org.testng.reporters.JUnitReportReporter -->
<testsuite hostname="DESKTOP-KMRCV44" failures="0" tests="5" name="dtm.LoginTest" time="19.067" errors="0" timestamp="2026-03-31T15:10:53 ICT" skipped="0">
  <testcase classname="dtm.LoginTest" name="testLoginLockedUser" time="3.301"/>
  <testcase classname="dtm.LoginTest" name="testLoginSuccess" time="3.627"/>
  <testcase classname="dtm.LoginTest" name="testLoginEmptyPassword" time="3.857"/>
  <testcase classname="dtm.LoginTest" name="testLoginWrongPassword" time="5.412"/>
  <testcase classname="dtm.LoginTest" name="testLoginEmptyUsername" time="2.870"/>
</testsuite> <!-- dtm.LoginTest -->
