<?xml version="1.0" encoding="UTF-8"?>
<!-- Generated by org.testng.reporters.JUnitReportReporter -->
<testsuite hostname="DESKTOP-KMRCV44" failures="0" tests="6" name="dtm.XepLoaiTest" time="0.022" errors="0" timestamp="2026-03-10T15:29:22 ICT" skipped="0">
  <testcase classname="dtm.XepLoaiTest" name="testLoaiTrungBinh" time="0.003"/>
  <testcase classname="dtm.XepLoaiTest" name="testThiLai" time="0.001"/>
  <testcase classname="dtm.XepLoaiTest" name="testYeuHocLai" time="0.001"/>
  <testcase classname="dtm.XepLoaiTest" name="testDiemKhongHopLe" time="0.013"/>
  <testcase classname="dtm.XepLoaiTest" name="testLoaiGioi" time="0.001"/>
  <testcase classname="dtm.XepLoaiTest" name="testLoaiKha" time="0.003"/>
</testsuite> <!-- dtm.XepLoaiTest -->
