<?xml version="1.0" encoding="UTF-8"?>
<!-- Generated by org.testng.reporters.JUnitReportReporter -->
<testsuite hostname="DESKTOP-KMRCV44" failures="0" tests="4" name="dtm.TitleTest" time="7.793" errors="0" timestamp="2026-03-10T13:44:08 ICT" skipped="0">
  <testcase classname="dtm.TitleTest" name="testPageSource" time="1.608"/>
  <testcase classname="dtm.TitleTest" name="testTitle" time="1.688"/>
  <testcase classname="dtm.TitleTest" name="testLoginFormDisplayed" time="2.001"/>
  <testcase classname="dtm.TitleTest" name="testURL" time="2.496"/>
</testsuite> <!-- dtm.TitleTest -->
